<?xml version="1.0" encoding="UTF-8"?>
<testng-results skipped="0" failed="1" ignored="0" total="2" passed="1">
  <reporter-output>
  </reporter-output>
  <suite name="Suite" duration-ms="24225" started-at="2022-03-03T07:13:39Z" finished-at="2022-03-03T07:14:03Z">
    <groups>
    </groups>
    <test name="Test" duration-ms="14059" started-at="2022-03-03T07:13:39Z" finished-at="2022-03-03T07:13:53Z">
      <class name="Amaze.LoginPage">
        <test-method status="PASS" signature="initialize()[pri:0, instance:Amaze.LoginPage@28d18df5]" name="initialize" is-config="true" duration-ms="1506" started-at="2022-03-03T07:13:39Z" finished-at="2022-03-03T07:13:40Z">
          <reporter-output>
          </reporter-output>
        </test-method> <!-- initialize -->
        <test-method status="PASS" signature="SignIn()[pri:0, instance:Amaze.LoginPage@28d18df5]" name="SignIn" duration-ms="8401" started-at="2022-03-03T07:13:40Z" finished-at="2022-03-03T07:13:49Z">
          <reporter-output>
          </reporter-output>
        </test-method> <!-- SignIn -->
        <test-method status="PASS" signature="flush()[pri:0, instance:Amaze.LoginPage@28d18df5]" name="flush" is-config="true" duration-ms="4138" started-at="2022-03-03T07:13:49Z" finished-at="2022-03-03T07:13:53Z">
          <reporter-output>
          </reporter-output>
        </test-method> <!-- flush -->
      </class> <!-- Amaze.LoginPage -->
    </test> <!-- Test -->
    <test name="Test1" duration-ms="24225" started-at="2022-03-03T07:13:39Z" finished-at="2022-03-03T07:14:03Z">
      <class name="Amaze.LoginPage2">
        <test-method status="PASS" signature="initialize()[pri:0, instance:Amaze.LoginPage2@662706a7]" name="initialize" is-config="true" duration-ms="1502" started-at="2022-03-03T07:13:39Z" finished-at="2022-03-03T07:13:40Z">
          <reporter-output>
          </reporter-output>
        </test-method> <!-- initialize -->
        <test-method status="FAIL" signature="SignIn1()[pri:0, instance:Amaze.LoginPage2@662706a7]" name="SignIn1" duration-ms="18379" started-at="2022-03-03T07:13:40Z" finished-at="2022-03-03T07:13:59Z">
          <exception class="org.openqa.selenium.ElementNotInteractableException">
            <message>
              <![CDATA[element not interactable
  (Session info: chrome=98.0.4758.102)
Build info: version: '3.141.59', revision: 'e82be7d358', time: '2018-11-14T08:17:03'
System info: host: 'WKWIN9865348', ip: '192.168.1.101', os.name: 'Windows 10', os.arch: 'amd64', os.version: '10.0', java.version: '1.8.0_202'
Driver info: org.openqa.selenium.chrome.ChromeDriver
Capabilities {acceptInsecureCerts: false, browserName: chrome, browserVersion: 98.0.4758.102, chrome: {chromedriverVersion: 98.0.4758.102 (273bf7ac8c90..., userDataDir: C:\Users\nirlm\AppData\Loca...}, goog:chromeOptions: {debuggerAddress: localhost:56570}, javascriptEnabled: true, networkConnectionEnabled: false, pageLoadStrategy: normal, platform: WINDOWS, platformName: WINDOWS, proxy: Proxy(), setWindowRect: true, strictFileInteractability: false, timeouts: {implicit: 0, pageLoad: 300000, script: 30000}, unhandledPromptBehavior: dismiss and notify, webauthn:extension:credBlob: true, webauthn:extension:largeBlob: true, webauthn:virtualAuthenticators: true}
Session ID: bb0d299bad97e5c6942c3aa8d6185aff]]>
            </message>
            <full-stacktrace>
              <![CDATA[org.openqa.selenium.ElementNotInteractableException: element not interactable
  (Session info: chrome=98.0.4758.102)
Build info: version: '3.141.59', revision: 'e82be7d358', time: '2018-11-14T08:17:03'
System info: host: 'WKWIN9865348', ip: '192.168.1.101', os.name: 'Windows 10', os.arch: 'amd64', os.version: '10.0', java.version: '1.8.0_202'
Driver info: org.openqa.selenium.chrome.ChromeDriver
Capabilities {acceptInsecureCerts: false, browserName: chrome, browserVersion: 98.0.4758.102, chrome: {chromedriverVersion: 98.0.4758.102 (273bf7ac8c90..., userDataDir: C:\Users\nirlm\AppData\Loca...}, goog:chromeOptions: {debuggerAddress: localhost:56570}, javascriptEnabled: true, networkConnectionEnabled: false, pageLoadStrategy: normal, platform: WINDOWS, platformName: WINDOWS, proxy: Proxy(), setWindowRect: true, strictFileInteractability: false, timeouts: {implicit: 0, pageLoad: 300000, script: 30000}, unhandledPromptBehavior: dismiss and notify, webauthn:extension:credBlob: true, webauthn:extension:largeBlob: true, webauthn:virtualAuthenticators: true}
Session ID: bb0d299bad97e5c6942c3aa8d6185aff
at sun.reflect.NativeConstructorAccessorImpl.newInstance0(Native Method)
at sun.reflect.NativeConstructorAccessorImpl.newInstance(NativeConstructorAccessorImpl.java:62)
at sun.reflect.DelegatingConstructorAccessorImpl.newInstance(DelegatingConstructorAccessorImpl.java:45)
at java.lang.reflect.Constructor.newInstance(Constructor.java:423)
at org.openqa.selenium.remote.http.W3CHttpResponseCodec.createException(W3CHttpResponseCodec.java:187)
at org.openqa.selenium.remote.http.W3CHttpResponseCodec.decode(W3CHttpResponseCodec.java:122)
at org.openqa.selenium.remote.http.W3CHttpResponseCodec.decode(W3CHttpResponseCodec.java:49)
at org.openqa.selenium.remote.HttpCommandExecutor.execute(HttpCommandExecutor.java:158)
at org.openqa.selenium.remote.service.DriverCommandExecutor.execute(DriverCommandExecutor.java:83)
at org.openqa.selenium.remote.RemoteWebDriver.execute(RemoteWebDriver.java:552)
at org.openqa.selenium.remote.RemoteWebElement.execute(RemoteWebElement.java:285)
at org.openqa.selenium.remote.RemoteWebElement.click(RemoteWebElement.java:84)
at Amaze.LoginPage2.SignIn1(LoginPage2.java:36)
at sun.reflect.NativeMethodAccessorImpl.invoke0(Native Method)
at sun.reflect.NativeMethodAccessorImpl.invoke(NativeMethodAccessorImpl.java:62)
at sun.reflect.DelegatingMethodAccessorImpl.invoke(DelegatingMethodAccessorImpl.java:43)
at java.lang.reflect.Method.invoke(Method.java:498)
at org.testng.internal.MethodInvocationHelper.invokeMethod(MethodInvocationHelper.java:124)
at org.testng.internal.Invoker.invokeMethod(Invoker.java:583)
at org.testng.internal.Invoker.invokeTestMethod(Invoker.java:719)
at org.testng.internal.Invoker.invokeTestMethods(Invoker.java:989)
at org.testng.internal.TestMethodWorker.invokeTestMethods(TestMethodWorker.java:125)
at org.testng.internal.TestMethodWorker.run(TestMethodWorker.java:109)
at org.testng.TestRunner.privateRun(TestRunner.java:648)
at org.testng.TestRunner.run(TestRunner.java:505)
at org.testng.SuiteRunner.runTest(SuiteRunner.java:455)
at org.testng.SuiteRunner.access$000(SuiteRunner.java:40)
at org.testng.SuiteRunner$SuiteWorker.run(SuiteRunner.java:489)
at org.testng.internal.thread.ThreadUtil$1.call(ThreadUtil.java:52)
at java.util.concurrent.FutureTask.run(FutureTask.java:266)
at java.util.concurrent.ThreadPoolExecutor.runWorker(ThreadPoolExecutor.java:1149)
at java.util.concurrent.ThreadPoolExecutor$Worker.run(ThreadPoolExecutor.java:624)
at java.lang.Thread.run(Thread.java:748)
]]>
            </full-stacktrace>
          </exception> <!-- org.openqa.selenium.ElementNotInteractableException -->
          <reporter-output>
          </reporter-output>
        </test-method> <!-- SignIn1 -->
        <test-method status="PASS" signature="flush()[pri:0, instance:Amaze.LoginPage2@662706a7]" name="flush" is-config="true" duration-ms="4168" started-at="2022-03-03T07:13:59Z" finished-at="2022-03-03T07:14:03Z">
          <reporter-output>
          </reporter-output>
        </test-method> <!-- flush -->
      </class> <!-- Amaze.LoginPage2 -->
    </test> <!-- Test1 -->
  </suite> <!-- Suite -->
</testng-results>
